{
  "/Users/dbo-vika/Documents/React-Native-To-do-List-main/app/src/components/ActionButton/index.tsx": {
    "path": "/Users/dbo-vika/Documents/React-Native-To-do-List-main/app/src/components/ActionButton/index.tsx",
    "statementMap": {
      "0": {
        "start": { "line": 1, "column": 0 },
        "end": { "line": 1, "column": null }
      },
      "1": {
        "start": { "line": 3, "column": 0 },
        "end": { "line": 3, "column": null }
      },
      "2": {
        "start": { "line": 5, "column": 0 },
        "end": { "line": 5, "column": null }
      },
      "3": {
        "start": { "line": 18, "column": 16 },
        "end": { "line": 14, "column": null }
      },
      "4": {
        "start": { "line": 18, "column": 16 },
        "end": { "line": 15, "column": null }
      },
      "5": {
        "start": { "line": 18, "column": 16 },
        "end": { "line": 16, "column": null }
      },
      "6": {
        "start": { "line": 18, "column": 16 },
        "end": { "line": 17, "column": null }
      },
      "7": {
        "start": { "line": 19, "column": 2 },
        "end": { "line": 19, "column": null }
      }
    },
    "fnMap": {
      "0": {
        "name": "ActionButton",
        "decl": {
          "start": { "line": 13, "column": 16 },
          "end": { "line": 13, "column": null }
        },
        "loc": {
          "start": { "line": 18, "column": 16 },
          "end": { "line": 28, "column": null }
        }
      }
    },
    "branchMap": {},
    "s": { "0": 1, "1": 1, "2": 1, "3": 0, "4": 0, "5": 0, "6": 0, "7": 0 },
    "f": { "0": 0 },
    "b": {}
  },
  "/Users/dbo-vika/Documents/React-Native-To-do-List-main/app/src/components/ActionButton/styles.ts": {
    "path": "/Users/dbo-vika/Documents/React-Native-To-do-List-main/app/src/components/ActionButton/styles.ts",
    "statementMap": {
      "0": {
        "start": { "line": 1, "column": 0 },
        "end": { "line": 1, "column": null }
      },
      "1": {
        "start": { "line": 2, "column": 0 },
        "end": { "line": 2, "column": null }
      },
      "2": {
        "start": { "line": 9, "column": 31 },
        "end": { "line": 9, "column": 6 }
      },
      "3": {
        "start": { "line": 16, "column": 4 },
        "end": { "line": 16, "column": 5 }
      },
      "4": {
        "start": { "line": 24, "column": 4 },
        "end": { "line": 24, "column": 5 }
      }
    },
    "fnMap": {
      "0": {
        "name": "(anonymous_3)",
        "decl": {
          "start": { "line": 16, "column": 4 },
          "end": { "line": 16, "column": 5 }
        },
        "loc": {
          "start": { "line": 16, "column": 4 },
          "end": { "line": 16, "column": 5 }
        }
      },
      "1": {
        "name": "(anonymous_4)",
        "decl": {
          "start": { "line": 24, "column": 4 },
          "end": { "line": 24, "column": 5 }
        },
        "loc": {
          "start": { "line": 24, "column": 4 },
          "end": { "line": 24, "column": 5 }
        }
      }
    },
    "branchMap": {
      "0": {
        "loc": {
          "start": { "line": 9, "column": 28 },
          "end": { "line": 9, "column": 31 }
        },
        "type": "binary-expr",
        "locations": [
          {
            "start": { "line": 9, "column": 28 },
            "end": { "line": 9, "column": 31 }
          },
          {
            "start": { "line": 9, "column": 28 },
            "end": { "line": 9, "column": 31 }
          }
        ]
      },
      "1": {
        "loc": {
          "start": { "line": 17, "column": 4 },
          "end": { "line": 17, "column": 9 }
        },
        "type": "cond-expr",
        "locations": [
          {
            "start": { "line": 17, "column": 4 },
            "end": { "line": 17, "column": 9 }
          },
          {
            "start": { "line": 17, "column": 4 },
            "end": { "line": 17, "column": 9 }
          }
        ]
      },
      "2": {
        "loc": {
          "start": { "line": 25, "column": 4 },
          "end": { "line": 25, "column": 9 }
        },
        "type": "cond-expr",
        "locations": [
          {
            "start": { "line": 25, "column": 4 },
            "end": { "line": 25, "column": 9 }
          },
          {
            "start": { "line": 25, "column": 4 },
            "end": { "line": 25, "column": 9 }
          }
        ]
      }
    },
    "s": { "0": 1, "1": 1, "2": 1, "3": 0, "4": 0 },
    "f": { "0": 0, "1": 0 },
    "b": { "0": [1, 1], "1": [0, 0], "2": [0, 0] }
  },
  "/Users/dbo-vika/Documents/React-Native-To-do-List-main/app/src/components/AddButton/index.tsx": {
    "path": "/Users/dbo-vika/Documents/React-Native-To-do-List-main/app/src/components/AddButton/index.tsx",
    "statementMap": {
      "0": {
        "start": { "line": 1, "column": 0 },
        "end": { "line": 1, "column": null }
      },
      "1": {
        "start": { "line": 3, "column": 0 },
        "end": { "line": 3, "column": null }
      },
      "2": {
        "start": { "line": 5, "column": 0 },
        "end": { "line": 5, "column": null }
      },
      "3": {
        "start": { "line": 9, "column": 49 },
        "end": { "line": 9, "column": 48 }
      },
      "4": {
        "start": { "line": 10, "column": 2 },
        "end": { "line": 10, "column": null }
      }
    },
    "fnMap": {
      "0": {
        "name": "AddButton",
        "decl": {
          "start": { "line": 9, "column": 16 },
          "end": { "line": 9, "column": 28 }
        },
        "loc": {
          "start": { "line": 9, "column": 49 },
          "end": { "line": 15, "column": null }
        }
      }
    },
    "branchMap": {},
    "s": { "0": 1, "1": 1, "2": 1, "3": 1, "4": 1 },
    "f": { "0": 1 },
    "b": {}
  },
  "/Users/dbo-vika/Documents/React-Native-To-do-List-main/app/src/components/AddButton/styles.ts": {
    "path": "/Users/dbo-vika/Documents/React-Native-To-do-List-main/app/src/components/AddButton/styles.ts",
    "statementMap": {
      "0": {
        "start": { "line": 1, "column": 0 },
        "end": { "line": 1, "column": null }
      },
      "1": {
        "start": { "line": 2, "column": 0 },
        "end": { "line": 2, "column": null }
      },
      "2": {
        "start": { "line": 4, "column": 31 },
        "end": { "line": 4, "column": 6 }
      }
    },
    "fnMap": {},
    "branchMap": {
      "0": {
        "loc": {
          "start": { "line": 4, "column": 28 },
          "end": { "line": 4, "column": 31 }
        },
        "type": "binary-expr",
        "locations": [
          {
            "start": { "line": 4, "column": 28 },
            "end": { "line": 4, "column": 31 }
          },
          {
            "start": { "line": 4, "column": 28 },
            "end": { "line": 4, "column": 31 }
          }
        ]
      }
    },
    "s": { "0": 1, "1": 1, "2": 1 },
    "f": {},
    "b": { "0": [1, 1] }
  },
  "/Users/dbo-vika/Documents/React-Native-To-do-List-main/app/src/components/MainCard/index.tsx": {
    "path": "/Users/dbo-vika/Documents/React-Native-To-do-List-main/app/src/components/MainCard/index.tsx",
    "statementMap": {
      "0": {
        "start": { "line": 1, "column": 0 },
        "end": { "line": 1, "column": null }
      },
      "1": {
        "start": { "line": 2, "column": 0 },
        "end": { "line": 2, "column": null }
      },
      "2": {
        "start": { "line": 4, "column": 0 },
        "end": { "line": 4, "column": null }
      },
      "3": {
        "start": { "line": 13, "column": 77 },
        "end": { "line": 13, "column": 38 }
      },
      "4": {
        "start": { "line": 13, "column": 77 },
        "end": { "line": 13, "column": 44 }
      },
      "5": {
        "start": { "line": 13, "column": 77 },
        "end": { "line": 13, "column": 56 }
      },
      "6": {
        "start": { "line": 13, "column": 77 },
        "end": { "line": 13, "column": 76 }
      },
      "7": {
        "start": { "line": 14, "column": 2 },
        "end": { "line": 14, "column": null }
      }
    },
    "fnMap": {
      "0": {
        "name": "MainCard",
        "decl": {
          "start": { "line": 13, "column": 16 },
          "end": { "line": 13, "column": 27 }
        },
        "loc": {
          "start": { "line": 13, "column": 77 },
          "end": { "line": 32, "column": null }
        }
      }
    },
    "branchMap": {},
    "s": { "0": 1, "1": 1, "2": 1, "3": 0, "4": 0, "5": 0, "6": 0, "7": 0 },
    "f": { "0": 0 },
    "b": {}
  },
  "/Users/dbo-vika/Documents/React-Native-To-do-List-main/app/src/components/MainCard/styles.ts": {
    "path": "/Users/dbo-vika/Documents/React-Native-To-do-List-main/app/src/components/MainCard/styles.ts",
    "statementMap": {
      "0": {
        "start": { "line": 1, "column": 0 },
        "end": { "line": 1, "column": null }
      },
      "1": {
        "start": { "line": 2, "column": 0 },
        "end": { "line": 2, "column": null }
      },
      "2": {
        "start": { "line": 8, "column": 29 },
        "end": { "line": 8, "column": 6 }
      },
      "3": {
        "start": { "line": 20, "column": 24 },
        "end": { "line": 20, "column": 6 }
      },
      "4": {
        "start": { "line": 24, "column": 4 },
        "end": { "line": 24, "column": 5 }
      },
      "5": {
        "start": { "line": 34, "column": 27 },
        "end": { "line": 34, "column": 6 }
      }
    },
    "fnMap": {
      "0": {
        "name": "(anonymous_3)",
        "decl": {
          "start": { "line": 24, "column": 4 },
          "end": { "line": 24, "column": 5 }
        },
        "loc": {
          "start": { "line": 24, "column": 4 },
          "end": { "line": 24, "column": 5 }
        }
      }
    },
    "branchMap": {
      "0": {
        "loc": {
          "start": { "line": 8, "column": 26 },
          "end": { "line": 8, "column": 29 }
        },
        "type": "binary-expr",
        "locations": [
          {
            "start": { "line": 8, "column": 26 },
            "end": { "line": 8, "column": 29 }
          },
          {
            "start": { "line": 8, "column": 26 },
            "end": { "line": 8, "column": 29 }
          }
        ]
      },
      "1": {
        "loc": {
          "start": { "line": 20, "column": 21 },
          "end": { "line": 20, "column": 24 }
        },
        "type": "binary-expr",
        "locations": [
          {
            "start": { "line": 20, "column": 21 },
            "end": { "line": 20, "column": 24 }
          },
          {
            "start": { "line": 20, "column": 21 },
            "end": { "line": 20, "column": 24 }
          }
        ]
      },
      "2": {
        "loc": {
          "start": { "line": 25, "column": 4 },
          "end": { "line": 25, "column": 9 }
        },
        "type": "cond-expr",
        "locations": [
          {
            "start": { "line": 25, "column": 4 },
            "end": { "line": 25, "column": 9 }
          },
          {
            "start": { "line": 25, "column": 4 },
            "end": { "line": 25, "column": 9 }
          }
        ]
      },
      "3": {
        "loc": {
          "start": { "line": 34, "column": 24 },
          "end": { "line": 34, "column": 27 }
        },
        "type": "binary-expr",
        "locations": [
          {
            "start": { "line": 34, "column": 24 },
            "end": { "line": 34, "column": 27 }
          },
          {
            "start": { "line": 34, "column": 24 },
            "end": { "line": 34, "column": 27 }
          }
        ]
      }
    },
    "s": { "0": 1, "1": 1, "2": 1, "3": 1, "4": 0, "5": 1 },
    "f": { "0": 0 },
    "b": { "0": [1, 1], "1": [1, 1], "2": [0, 0], "3": [1, 1] }
  },
  "/Users/dbo-vika/Documents/React-Native-To-do-List-main/app/src/components/MainInput/index.tsx": {
    "path": "/Users/dbo-vika/Documents/React-Native-To-do-List-main/app/src/components/MainInput/index.tsx",
    "statementMap": {
      "0": {
        "start": { "line": 1, "column": 0 },
        "end": { "line": 1, "column": null }
      },
      "1": {
        "start": { "line": 4, "column": 0 },
        "end": { "line": 4, "column": null }
      },
      "2": {
        "start": { "line": 5, "column": 0 },
        "end": { "line": 5, "column": null }
      },
      "3": {
        "start": { "line": 12, "column": 70 },
        "end": { "line": 12, "column": 35 }
      },
      "4": {
        "start": { "line": 12, "column": 70 },
        "end": { "line": 12, "column": 45 }
      },
      "5": {
        "start": { "line": 12, "column": 70 },
        "end": { "line": 12, "column": 69 }
      },
      "6": {
        "start": { "line": 13, "column": 2 },
        "end": { "line": 13, "column": null }
      }
    },
    "fnMap": {
      "0": {
        "name": "MainInput",
        "decl": {
          "start": { "line": 12, "column": 16 },
          "end": { "line": 12, "column": 28 }
        },
        "loc": {
          "start": { "line": 12, "column": 70 },
          "end": { "line": 21, "column": null }
        }
      }
    },
    "branchMap": {},
    "s": { "0": 1, "1": 1, "2": 1, "3": 1, "4": 1, "5": 1, "6": 1 },
    "f": { "0": 1 },
    "b": {}
  },
  "/Users/dbo-vika/Documents/React-Native-To-do-List-main/app/src/components/MainInput/styles.ts": {
    "path": "/Users/dbo-vika/Documents/React-Native-To-do-List-main/app/src/components/MainInput/styles.ts",
    "statementMap": {
      "0": {
        "start": { "line": 1, "column": 0 },
        "end": { "line": 1, "column": null }
      },
      "1": {
        "start": { "line": 3, "column": 0 },
        "end": { "line": 3, "column": null }
      },
      "2": {
        "start": { "line": 5, "column": 30 },
        "end": { "line": 5, "column": 6 }
      }
    },
    "fnMap": {},
    "branchMap": {
      "0": {
        "loc": {
          "start": { "line": 5, "column": 27 },
          "end": { "line": 5, "column": 30 }
        },
        "type": "binary-expr",
        "locations": [
          {
            "start": { "line": 5, "column": 27 },
            "end": { "line": 5, "column": 30 }
          },
          {
            "start": { "line": 5, "column": 27 },
            "end": { "line": 5, "column": 30 }
          }
        ]
      }
    },
    "s": { "0": 1, "1": 1, "2": 1 },
    "f": {},
    "b": { "0": [1, 1] }
  },
  "/Users/dbo-vika/Documents/React-Native-To-do-List-main/app/src/global/theme.tsx": {
    "path": "/Users/dbo-vika/Documents/React-Native-To-do-List-main/app/src/global/theme.tsx",
    "statementMap": {
      "0": {
        "start": { "line": 1, "column": 15 },
        "end": { "line": 1, "column": null }
      }
    },
    "fnMap": {},
    "branchMap": {},
    "s": { "0": 1 },
    "f": {},
    "b": {}
  },
  "/Users/dbo-vika/Documents/React-Native-To-do-List-main/app/src/screens/Home/index.tsx": {
    "path": "/Users/dbo-vika/Documents/React-Native-To-do-List-main/app/src/screens/Home/index.tsx",
    "statementMap": {
      "0": {
        "start": { "line": 1, "column": 0 },
        "end": { "line": 1, "column": null }
      },
      "1": {
        "start": { "line": 2, "column": 0 },
        "end": { "line": 2, "column": null }
      },
      "2": {
        "start": { "line": 3, "column": 0 },
        "end": { "line": 3, "column": null }
      },
      "3": {
        "start": { "line": 4, "column": 0 },
        "end": { "line": 4, "column": null }
      },
      "4": {
        "start": { "line": 5, "column": 0 },
        "end": { "line": 5, "column": null }
      },
      "5": {
        "start": { "line": 6, "column": 0 },
        "end": { "line": 6, "column": null }
      },
      "6": {
        "start": { "line": 8, "column": 0 },
        "end": { "line": 8, "column": null }
      },
      "7": {
        "start": { "line": 10, "column": 0 },
        "end": { "line": 10, "column": null }
      },
      "8": {
        "start": { "line": 12, "column": 0 },
        "end": { "line": 12, "column": null }
      },
      "9": {
        "start": { "line": 24, "column": 13 },
        "end": { "line": 24, "column": null }
      },
      "10": {
        "start": { "line": 25, "column": 24 },
        "end": { "line": 25, "column": 25 }
      },
      "11": {
        "start": { "line": 27, "column": 46 },
        "end": { "line": 27, "column": 55 }
      },
      "12": {
        "start": { "line": 27, "column": 2 },
        "end": { "line": 27, "column": 9 }
      },
      "13": {
        "start": { "line": 28, "column": 48 },
        "end": { "line": 28, "column": 57 }
      },
      "14": {
        "start": { "line": 28, "column": 2 },
        "end": { "line": 28, "column": 9 }
      },
      "15": {
        "start": { "line": 29, "column": 34 },
        "end": { "line": 29, "column": 52 }
      },
      "16": {
        "start": { "line": 29, "column": 2 },
        "end": { "line": 29, "column": 9 }
      },
      "17": {
        "start": { "line": 30, "column": 26 },
        "end": { "line": 30, "column": 35 }
      },
      "18": {
        "start": { "line": 30, "column": 2 },
        "end": { "line": 30, "column": 9 }
      },
      "19": {
        "start": { "line": 31, "column": 42 },
        "end": { "line": 31, "column": 60 }
      },
      "20": {
        "start": { "line": 31, "column": 2 },
        "end": { "line": 31, "column": 9 }
      },
      "21": {
        "start": { "line": 33, "column": 32 },
        "end": { "line": 48, "column": null }
      },
      "22": {
        "start": { "line": 34, "column": 4 },
        "end": { "line": 34, "column": 12 }
      },
      "23": {
        "start": { "line": 36, "column": 8 },
        "end": { "line": 36, "column": 23 }
      },
      "24": {
        "start": { "line": 36, "column": 40 },
        "end": { "line": 36, "column": 41 }
      },
      "25": {
        "start": { "line": 38, "column": 8 },
        "end": { "line": 38, "column": null }
      },
      "26": {
        "start": { "line": 40, "column": 8 },
        "end": { "line": 40, "column": 23 }
      },
      "27": {
        "start": { "line": 40, "column": 40 },
        "end": { "line": 40, "column": 41 }
      },
      "28": {
        "start": { "line": 42, "column": 8 },
        "end": { "line": 42, "column": null }
      },
      "29": {
        "start": { "line": 44, "column": 8 },
        "end": { "line": 44, "column": 23 }
      },
      "30": {
        "start": { "line": 46, "column": 8 },
        "end": { "line": 46, "column": null }
      },
      "31": {
        "start": { "line": 51, "column": 4 },
        "end": { "line": 60, "column": null }
      },
      "32": {
        "start": { "line": 52, "column": 6 },
        "end": { "line": 52, "column": 12 }
      },
      "33": {
        "start": { "line": 54, "column": 6 },
        "end": { "line": 54, "column": 17 }
      },
      "34": {
        "start": { "line": 59, "column": 6 },
        "end": { "line": 59, "column": 13 }
      },
      "35": {
        "start": { "line": 63, "column": 37 },
        "end": { "line": 63, "column": 36 }
      },
      "36": {
        "start": { "line": 64, "column": 4 },
        "end": { "line": 64, "column": 15 }
      },
      "37": {
        "start": { "line": 66, "column": 8 },
        "end": { "line": 71, "column": null }
      },
      "38": {
        "start": { "line": 67, "column": 10 },
        "end": { "line": 67, "column": null }
      },
      "39": {
        "start": { "line": 72, "column": 8 },
        "end": { "line": 72, "column": 15 }
      },
      "40": {
        "start": { "line": 77, "column": 35 },
        "end": { "line": 77, "column": 34 }
      },
      "41": {
        "start": { "line": 78, "column": 4 },
        "end": { "line": 78, "column": 15 }
      },
      "42": {
        "start": { "line": 78, "column": 32 },
        "end": { "line": 78, "column": 33 }
      },
      "43": {
        "start": { "line": 81, "column": 21 },
        "end": { "line": 81, "column": null }
      },
      "44": {
        "start": { "line": 83, "column": 10 },
        "end": { "line": 81, "column": null }
      },
      "45": {
        "start": { "line": 85, "column": 6 },
        "end": { "line": 91, "column": null }
      },
      "46": {
        "start": { "line": 86, "column": 8 },
        "end": { "line": 86, "column": 21 }
      },
      "47": {
        "start": { "line": 88, "column": 12 },
        "end": { "line": 87, "column": null }
      },
      "48": {
        "start": { "line": 90, "column": 8 },
        "end": { "line": 90, "column": 19 }
      },
      "49": {
        "start": { "line": 93, "column": 6 },
        "end": { "line": 93, "column": 13 }
      },
      "50": {
        "start": { "line": 97, "column": 2 },
        "end": { "line": 97, "column": 12 }
      },
      "51": {
        "start": { "line": 98, "column": 4 },
        "end": { "line": 98, "column": null }
      },
      "52": {
        "start": { "line": 101, "column": 2 },
        "end": { "line": 101, "column": 12 }
      },
      "53": {
        "start": { "line": 102, "column": 4 },
        "end": { "line": 102, "column": null }
      },
      "54": {
        "start": { "line": 105, "column": 2 },
        "end": { "line": 105, "column": 12 }
      },
      "55": {
        "start": { "line": 106, "column": 4 },
        "end": { "line": 106, "column": 17 }
      },
      "56": {
        "start": { "line": 109, "column": 2 },
        "end": { "line": 109, "column": null }
      },
      "57": {
        "start": { "line": 117, "column": 20 },
        "end": { "line": 117, "column": 21 }
      },
      "58": {
        "start": { "line": 126, "column": 18 },
        "end": { "line": 126, "column": 19 }
      },
      "59": {
        "start": { "line": 127, "column": 23 },
        "end": { "line": 127, "column": 24 }
      },
      "60": {
        "start": { "line": 139, "column": 27 },
        "end": { "line": 139, "column": 28 }
      },
      "61": {
        "start": { "line": 144, "column": 26 },
        "end": { "line": 144, "column": 32 }
      },
      "62": {
        "start": { "line": 145, "column": 24 },
        "end": { "line": 145, "column": 30 }
      },
      "63": {
        "start": { "line": 156, "column": 15 },
        "end": { "line": 156, "column": null }
      }
    },
    "fnMap": {
      "0": {
        "name": "Home",
        "decl": {
          "start": { "line": 24, "column": 9 },
          "end": { "line": 24, "column": 13 }
        },
        "loc": {
          "start": { "line": 24, "column": 13 },
          "end": { "line": 154, "column": null }
        }
      },
      "1": {
        "name": "handleSegmentedChange",
        "decl": {
          "start": { "line": 33, "column": 8 },
          "end": { "line": 33, "column": 29 }
        },
        "loc": {
          "start": { "line": 33, "column": 37 },
          "end": { "line": 48, "column": null }
        }
      },
      "2": {
        "name": "(anonymous_5)",
        "decl": {
          "start": { "line": 36, "column": 40 },
          "end": { "line": 36, "column": 41 }
        },
        "loc": {
          "start": { "line": 36, "column": 40 },
          "end": { "line": 36, "column": 41 }
        }
      },
      "3": {
        "name": "(anonymous_6)",
        "decl": {
          "start": { "line": 40, "column": 40 },
          "end": { "line": 40, "column": 41 }
        },
        "loc": {
          "start": { "line": 40, "column": 40 },
          "end": { "line": 40, "column": 41 }
        }
      },
      "4": {
        "name": "handleAdd",
        "decl": {
          "start": { "line": 50, "column": 11 },
          "end": { "line": 50, "column": 20 }
        },
        "loc": {
          "start": { "line": 50, "column": 20 },
          "end": { "line": 61, "column": null }
        }
      },
      "5": {
        "name": "handleComplete",
        "decl": {
          "start": { "line": 63, "column": 11 },
          "end": { "line": 63, "column": 28 }
        },
        "loc": {
          "start": { "line": 63, "column": 37 },
          "end": { "line": 75, "column": null }
        }
      },
      "6": {
        "name": "(anonymous_9)",
        "decl": {
          "start": { "line": 65, "column": 19 },
          "end": { "line": 65, "column": 20 }
        },
        "loc": {
          "start": { "line": 65, "column": 28 },
          "end": { "line": 73, "column": null }
        }
      },
      "7": {
        "name": "handleDelete",
        "decl": {
          "start": { "line": 77, "column": 11 },
          "end": { "line": 77, "column": 26 }
        },
        "loc": {
          "start": { "line": 77, "column": 35 },
          "end": { "line": 79, "column": null }
        }
      },
      "8": {
        "name": "(anonymous_11)",
        "decl": {
          "start": { "line": 78, "column": 32 },
          "end": { "line": 78, "column": 33 }
        },
        "loc": {
          "start": { "line": 78, "column": 32 },
          "end": { "line": 78, "column": 33 }
        }
      },
      "9": {
        "name": "_callee",
        "decl": {
          "start": { "line": 81, "column": 21 },
          "end": { "line": 81, "column": null }
        },
        "loc": {
          "start": { "line": 81, "column": 21 },
          "end": { "line": 81, "column": null }
        }
      },
      "10": {
        "name": "(anonymous_14)",
        "decl": {
          "start": { "line": 97, "column": 12 },
          "end": { "line": 97, "column": 17 }
        },
        "loc": {
          "start": { "line": 97, "column": 17 },
          "end": { "line": 99, "column": 5 }
        }
      },
      "11": {
        "name": "(anonymous_15)",
        "decl": {
          "start": { "line": 101, "column": 12 },
          "end": { "line": 101, "column": 17 }
        },
        "loc": {
          "start": { "line": 101, "column": 17 },
          "end": { "line": 103, "column": 5 }
        }
      },
      "12": {
        "name": "(anonymous_16)",
        "decl": {
          "start": { "line": 105, "column": 12 },
          "end": { "line": 105, "column": 17 }
        },
        "loc": {
          "start": { "line": 105, "column": 17 },
          "end": { "line": 107, "column": 5 }
        }
      },
      "13": {
        "name": "onChange",
        "decl": {
          "start": { "line": 117, "column": 20 },
          "end": { "line": 117, "column": 21 }
        },
        "loc": {
          "start": { "line": 117, "column": 20 },
          "end": { "line": 117, "column": 21 }
        }
      },
      "14": {
        "name": "onChange",
        "decl": {
          "start": { "line": 126, "column": 18 },
          "end": { "line": 126, "column": 19 }
        },
        "loc": {
          "start": { "line": 126, "column": 18 },
          "end": { "line": 126, "column": 19 }
        }
      },
      "15": {
        "name": "onValueChange",
        "decl": {
          "start": { "line": 127, "column": 23 },
          "end": { "line": 127, "column": 24 }
        },
        "loc": {
          "start": { "line": 127, "column": 23 },
          "end": { "line": 127, "column": 24 }
        }
      },
      "16": {
        "name": "(anonymous_20)",
        "decl": {
          "start": { "line": 139, "column": 27 },
          "end": { "line": 139, "column": 28 }
        },
        "loc": {
          "start": { "line": 139, "column": 27 },
          "end": { "line": 139, "column": 28 }
        }
      },
      "17": {
        "name": "onComplete",
        "decl": {
          "start": { "line": 144, "column": 26 },
          "end": { "line": 144, "column": 32 }
        },
        "loc": {
          "start": { "line": 144, "column": 26 },
          "end": { "line": 144, "column": 32 }
        }
      },
      "18": {
        "name": "onDelete",
        "decl": {
          "start": { "line": 145, "column": 24 },
          "end": { "line": 145, "column": 30 }
        },
        "loc": {
          "start": { "line": 145, "column": 24 },
          "end": { "line": 145, "column": 30 }
        }
      }
    },
    "branchMap": {
      "0": {
        "loc": {
          "start": { "line": 34, "column": 4 },
          "end": { "line": 34, "column": 12 }
        },
        "type": "switch",
        "locations": [
          {
            "start": { "line": 35, "column": 6 },
            "end": { "line": 38, "column": null }
          },
          {
            "start": { "line": 39, "column": 6 },
            "end": { "line": 42, "column": null }
          },
          {
            "start": { "line": 43, "column": 6 },
            "end": { "line": 46, "column": null }
          }
        ]
      },
      "1": {
        "loc": {
          "start": { "line": 51, "column": 4 },
          "end": { "line": 60, "column": null }
        },
        "type": "if",
        "locations": [
          {
            "start": { "line": 51, "column": 4 },
            "end": { "line": 60, "column": null }
          },
          {
            "start": { "line": 53, "column": 11 },
            "end": { "line": 60, "column": null }
          }
        ]
      },
      "2": {
        "loc": {
          "start": { "line": 66, "column": 8 },
          "end": { "line": 71, "column": null }
        },
        "type": "if",
        "locations": [
          {
            "start": { "line": 66, "column": 8 },
            "end": { "line": 71, "column": null }
          }
        ]
      },
      "3": {
        "loc": {
          "start": { "line": 81, "column": 21 },
          "end": { "line": 81, "column": null }
        },
        "type": "switch",
        "locations": [
          {
            "start": { "line": 81, "column": 21 },
            "end": { "line": 81, "column": null }
          },
          {
            "start": { "line": 81, "column": 21 },
            "end": { "line": 81, "column": null }
          },
          {
            "start": { "line": 81, "column": 21 },
            "end": { "line": 93, "column": 13 }
          },
          {
            "start": { "line": 81, "column": 21 },
            "end": { "line": 81, "column": null }
          },
          {
            "start": { "line": 81, "column": 21 },
            "end": { "line": 81, "column": null }
          }
        ]
      },
      "4": {
        "loc": {
          "start": { "line": 85, "column": 6 },
          "end": { "line": 91, "column": null }
        },
        "type": "if",
        "locations": [
          {
            "start": { "line": 85, "column": 6 },
            "end": { "line": 91, "column": null }
          },
          {
            "start": { "line": 87, "column": 13 },
            "end": { "line": 91, "column": null }
          }
        ]
      },
      "5": {
        "loc": {
          "start": { "line": 88, "column": 22 },
          "end": { "line": 88, "column": 39 }
        },
        "type": "binary-expr",
        "locations": [
          {
            "start": { "line": 88, "column": 22 },
            "end": { "line": 88, "column": 31 }
          },
          {
            "start": { "line": 88, "column": 35 },
            "end": { "line": 88, "column": 39 }
          }
        ]
      },
      "6": {
        "loc": {
          "start": { "line": 138, "column": 9 },
          "end": { "line": 149, "column": 11 }
        },
        "type": "cond-expr",
        "locations": [
          {
            "start": { "line": 139, "column": 10 },
            "end": { "line": 139, "column": 22 }
          },
          {
            "start": { "line": 149, "column": 10 },
            "end": { "line": 149, "column": 11 }
          }
        ]
      }
    },
    "s": {
      "0": 1,
      "1": 1,
      "2": 1,
      "3": 1,
      "4": 1,
      "5": 1,
      "6": 1,
      "7": 1,
      "8": 1,
      "9": 1,
      "10": 1,
      "11": 1,
      "12": 3,
      "13": 1,
      "14": 3,
      "15": 1,
      "16": 3,
      "17": 1,
      "18": 3,
      "19": 1,
      "20": 3,
      "21": 1,
      "22": 0,
      "23": 0,
      "24": 0,
      "25": 0,
      "26": 0,
      "27": 0,
      "28": 0,
      "29": 0,
      "30": 0,
      "31": 0,
      "32": 0,
      "33": 0,
      "34": 0,
      "35": 0,
      "36": 0,
      "37": 0,
      "38": 0,
      "39": 0,
      "40": 0,
      "41": 0,
      "42": 0,
      "43": 1,
      "44": 0,
      "45": 0,
      "46": 0,
      "47": 0,
      "48": 0,
      "49": 0,
      "50": 1,
      "51": 0,
      "52": 1,
      "53": 0,
      "54": 1,
      "55": 0,
      "56": 1,
      "57": 0,
      "58": 0,
      "59": 0,
      "60": 0,
      "61": 0,
      "62": 0,
      "63": 1
    },
    "f": {
      "0": 1,
      "1": 0,
      "2": 0,
      "3": 0,
      "4": 0,
      "5": 0,
      "6": 0,
      "7": 0,
      "8": 0,
      "9": 0,
      "10": 0,
      "11": 0,
      "12": 0,
      "13": 0,
      "14": 0,
      "15": 0,
      "16": 0,
      "17": 0,
      "18": 0
    },
    "b": {
      "0": [0, 0, 0],
      "1": [0, 0],
      "2": [0],
      "3": [0, 0, 0, 0, 0],
      "4": [0, 0],
      "5": [0, 0],
      "6": [0, 1]
    }
  },
  "/Users/dbo-vika/Documents/React-Native-To-do-List-main/app/src/screens/Home/styles.ts": {
    "path": "/Users/dbo-vika/Documents/React-Native-To-do-List-main/app/src/screens/Home/styles.ts",
    "statementMap": {
      "0": {
        "start": { "line": 1, "column": 0 },
        "end": { "line": 1, "column": null }
      },
      "1": {
        "start": { "line": 2, "column": 0 },
        "end": { "line": 2, "column": null }
      },
      "2": {
        "start": { "line": 4, "column": 25 },
        "end": { "line": 4, "column": 6 }
      },
      "3": {
        "start": { "line": 10, "column": 21 },
        "end": { "line": 10, "column": 6 }
      },
      "4": {
        "start": { "line": 16, "column": 29 },
        "end": { "line": 16, "column": 6 }
      },
      "5": {
        "start": { "line": 24, "column": 24 },
        "end": { "line": 24, "column": 6 }
      },
      "6": {
        "start": { "line": 29, "column": 25 },
        "end": { "line": 29, "column": 6 }
      }
    },
    "fnMap": {},
    "branchMap": {
      "0": {
        "loc": {
          "start": { "line": 4, "column": 22 },
          "end": { "line": 4, "column": 25 }
        },
        "type": "binary-expr",
        "locations": [
          {
            "start": { "line": 4, "column": 22 },
            "end": { "line": 4, "column": 25 }
          },
          {
            "start": { "line": 4, "column": 22 },
            "end": { "line": 4, "column": 25 }
          }
        ]
      },
      "1": {
        "loc": {
          "start": { "line": 10, "column": 18 },
          "end": { "line": 10, "column": 21 }
        },
        "type": "binary-expr",
        "locations": [
          {
            "start": { "line": 10, "column": 18 },
            "end": { "line": 10, "column": 21 }
          },
          {
            "start": { "line": 10, "column": 18 },
            "end": { "line": 10, "column": 21 }
          }
        ]
      },
      "2": {
        "loc": {
          "start": { "line": 16, "column": 26 },
          "end": { "line": 16, "column": 29 }
        },
        "type": "binary-expr",
        "locations": [
          {
            "start": { "line": 16, "column": 26 },
            "end": { "line": 16, "column": 29 }
          },
          {
            "start": { "line": 16, "column": 26 },
            "end": { "line": 16, "column": 29 }
          }
        ]
      },
      "3": {
        "loc": {
          "start": { "line": 24, "column": 21 },
          "end": { "line": 24, "column": 24 }
        },
        "type": "binary-expr",
        "locations": [
          {
            "start": { "line": 24, "column": 21 },
            "end": { "line": 24, "column": 24 }
          },
          {
            "start": { "line": 24, "column": 21 },
            "end": { "line": 24, "column": 24 }
          }
        ]
      },
      "4": {
        "loc": {
          "start": { "line": 29, "column": 22 },
          "end": { "line": 29, "column": 25 }
        },
        "type": "binary-expr",
        "locations": [
          {
            "start": { "line": 29, "column": 22 },
            "end": { "line": 29, "column": 25 }
          },
          {
            "start": { "line": 29, "column": 22 },
            "end": { "line": 29, "column": 25 }
          }
        ]
      }
    },
    "s": { "0": 1, "1": 1, "2": 1, "3": 1, "4": 1, "5": 1, "6": 1 },
    "f": {},
    "b": { "0": [1, 1], "1": [1, 1], "2": [1, 1], "3": [1, 1], "4": [1, 1] }
  }
}
