TN:
SF:src/components/ActionButton/index.tsx
FN:13,ActionButton
FNF:1
FNH:0
FNDA:0,ActionButton
DA:1,1
DA:3,1
DA:5,1
DA:18,0
DA:19,0
LF:5
LH:3
BRF:0
BRH:0
end_of_record
TN:
SF:src/components/ActionButton/styles.ts
FN:16,(anonymous_3)
FN:24,(anonymous_4)
FNF:2
FNH:0
FNDA:0,(anonymous_3)
FNDA:0,(anonymous_4)
DA:1,1
DA:2,1
DA:9,1
DA:16,0
DA:24,0
LF:5
LH:3
BRDA:9,0,0,1
BRDA:9,0,1,1
BRDA:17,1,0,0
BRDA:17,1,1,0
BRDA:25,2,0,0
BRDA:25,2,1,0
BRF:6
BRH:2
end_of_record
TN:
SF:src/components/AddButton/index.tsx
FN:9,AddButton
FNF:1
FNH:1
FNDA:1,AddButton
DA:1,1
DA:3,1
DA:5,1
DA:9,1
DA:10,1
LF:5
LH:5
BRF:0
BRH:0
end_of_record
TN:
SF:src/components/AddButton/styles.ts
FNF:0
FNH:0
DA:1,1
DA:2,1
DA:4,1
LF:3
LH:3
BRDA:4,0,0,1
BRDA:4,0,1,1
BRF:2
BRH:2
end_of_record
TN:
SF:src/components/MainCard/index.tsx
FN:13,MainCard
FNF:1
FNH:0
FNDA:0,MainCard
DA:1,1
DA:2,1
DA:4,1
DA:13,0
DA:14,0
LF:5
LH:3
BRF:0
BRH:0
end_of_record
TN:
SF:src/components/MainCard/styles.ts
FN:24,(anonymous_3)
FNF:1
FNH:0
FNDA:0,(anonymous_3)
DA:1,1
DA:2,1
DA:8,1
DA:20,1
DA:24,0
DA:34,1
LF:6
LH:5
BRDA:8,0,0,1
BRDA:8,0,1,1
BRDA:20,1,0,1
BRDA:20,1,1,1
BRDA:25,2,0,0
BRDA:25,2,1,0
BRDA:34,3,0,1
BRDA:34,3,1,1
BRF:8
BRH:6
end_of_record
TN:
SF:src/components/MainInput/index.tsx
FN:12,MainInput
FNF:1
FNH:1
FNDA:1,MainInput
DA:1,1
DA:4,1
DA:5,1
DA:12,1
DA:13,1
LF:5
LH:5
BRF:0
BRH:0
end_of_record
TN:
SF:src/components/MainInput/styles.ts
FNF:0
FNH:0
DA:1,1
DA:3,1
DA:5,1
LF:3
LH:3
BRDA:5,0,0,1
BRDA:5,0,1,1
BRF:2
BRH:2
end_of_record
TN:
SF:src/global/theme.tsx
FNF:0
FNH:0
DA:1,1
LF:1
LH:1
BRF:0
BRH:0
end_of_record
TN:
SF:src/screens/Home/index.tsx
FN:24,Home
FN:33,handleSegmentedChange
FN:36,(anonymous_5)
FN:40,(anonymous_6)
FN:50,handleAdd
FN:63,handleComplete
FN:65,(anonymous_9)
FN:77,handleDelete
FN:78,(anonymous_11)
FN:81,_callee
FN:97,(anonymous_14)
FN:101,(anonymous_15)
FN:105,(anonymous_16)
FN:117,onChange
FN:126,onChange
FN:127,onValueChange
FN:139,(anonymous_20)
FN:144,onComplete
FN:145,onDelete
FNF:19
FNH:1
FNDA:1,Home
FNDA:0,handleSegmentedChange
FNDA:0,(anonymous_5)
FNDA:0,(anonymous_6)
FNDA:0,handleAdd
FNDA:0,handleComplete
FNDA:0,(anonymous_9)
FNDA:0,handleDelete
FNDA:0,(anonymous_11)
FNDA:0,_callee
FNDA:0,(anonymous_14)
FNDA:0,(anonymous_15)
FNDA:0,(anonymous_16)
FNDA:0,onChange
FNDA:0,onChange
FNDA:0,onValueChange
FNDA:0,(anonymous_20)
FNDA:0,onComplete
FNDA:0,onDelete
DA:1,1
DA:2,1
DA:3,1
DA:4,1
DA:5,1
DA:6,1
DA:8,1
DA:10,1
DA:12,1
DA:25,1
DA:27,3
DA:28,3
DA:29,3
DA:30,3
DA:31,3
DA:33,1
DA:34,0
DA:36,0
DA:38,0
DA:40,0
DA:42,0
DA:44,0
DA:46,0
DA:51,0
DA:52,0
DA:54,0
DA:59,0
DA:63,0
DA:64,0
DA:66,0
DA:67,0
DA:72,0
DA:77,0
DA:78,0
DA:81,1
DA:83,0
DA:88,0
DA:90,0
DA:93,0
DA:97,1
DA:98,0
DA:101,1
DA:102,0
DA:105,1
DA:106,0
DA:109,1
DA:117,0
DA:126,0
DA:127,0
DA:139,0
DA:144,0
DA:145,0
DA:156,1
LF:53
LH:22
BRDA:34,0,0,0
BRDA:34,0,1,0
BRDA:34,0,2,0
BRDA:51,1,0,0
BRDA:51,1,1,0
BRDA:66,2,0,0
BRDA:81,3,0,0
BRDA:81,3,1,0
BRDA:81,3,2,0
BRDA:81,3,3,0
BRDA:81,3,4,0
BRDA:81,3,5,0
BRDA:81,3,6,0
BRDA:81,3,7,0
BRDA:81,4,0,0
BRDA:88,5,0,0
BRDA:88,5,1,0
BRDA:138,6,0,0
BRDA:138,6,1,1
BRF:19
BRH:1
end_of_record
TN:
SF:src/screens/Home/styles.ts
FNF:0
FNH:0
DA:1,1
DA:2,1
DA:4,1
DA:10,1
DA:16,1
DA:24,1
DA:29,1
LF:7
LH:7
BRDA:4,0,0,1
BRDA:4,0,1,1
BRDA:10,1,0,1
BRDA:10,1,1,1
BRDA:16,2,0,1
BRDA:16,2,1,1
BRDA:24,3,0,1
BRDA:24,3,1,1
BRDA:29,4,0,1
BRDA:29,4,1,1
BRF:10
BRH:10
end_of_record
